<?xml version="1.0" encoding="UTF-8"?>
<testng-results skipped="0" failed="0" ignored="0" total="1" passed="1">
  <reporter-output>
  </reporter-output>
  <suite name="Default suite" duration-ms="8522" started-at="2019-11-29T06:31:55Z" finished-at="2019-11-29T06:32:03Z">
    <groups>
    </groups>
    <test name="Default test" duration-ms="8522" started-at="2019-11-29T06:31:55Z" finished-at="2019-11-29T06:32:03Z">
      <class name="com.mmt.base.BasePage">
        <test-method status="PASS" signature="readConfig()[pri:0, instance:com.mmt.base.BasePage@1753acfe]" name="readConfig" duration-ms="8502" started-at="2019-11-29T06:31:55Z" finished-at="2019-11-29T06:32:03Z">
          <reporter-output>
          </reporter-output>
        </test-method> <!-- readConfig -->
      </class> <!-- com.mmt.base.BasePage -->
    </test> <!-- Default test -->
  </suite> <!-- Default suite -->
</testng-results>
